<?xml version="1.0" encoding="UTF-8"?>
<testsuite xmlns:xsi="http://www.w3.org/2001/XMLSchema-instance" xsi:noNamespaceSchemaLocation="https://maven.apache.org/surefire/maven-surefire-plugin/xsd/surefire-test-report-3.0.xsd" version="3.0" name="com.ticketbooking.application.service.TicketBookingServiceTest" time="0.011" tests="4" errors="0" skipped="0" failures="0">
  <properties>
[...]
</properties>
  <testcase name="findUpcomingEvents" classname="com.ticketbooking.application.service.TicketBookingServiceTest" time="0.001">
    <system-out><![CDATA[&amp#27;[2m2025-05-29T17:50:01.391+03:00&amp#27;[0;39m &amp#27;[32m INFO&amp#27;[0;39m &amp#27;[35m13898&amp#27;[0;39m &amp#27;[2m---&amp#27;[0;39m &amp#27;[2m[ticket-booking-system] [           main]&amp#27;[0;39m &amp#27;[2m&amp#27;[0;39m&amp#27;[36mt.c.s.AnnotationConfigContextLoaderUtils&amp#27;[0;39m &amp#27;[2m:&amp#27;[0;39m Could not detect default configuration classes for test class [com.ticketbooking.application.service.TicketBookingServiceTest]: TicketBookingServiceTest does not declare any static, non-private, non-final, nested classes annotated with @Configuration.
&amp#27;[2m2025-05-29T17:50:01.392+03:00&amp#27;[0;39m &amp#27;[32m INFO&amp#27;[0;39m &amp#27;[35m13898&amp#27;[0;39m &amp#27;[2m---&amp#27;[0;39m &amp#27;[2m[ticket-booking-system] [           main]&amp#27;[0;39m &amp#27;[2m&amp#27;[0;39m&amp#27;[36m.b.t.c.SpringBootTestContextBootstrapper&amp#27;[0;39m &amp#27;[2m:&amp#27;[0;39m Found @SpringBootConfiguration com.ticketbooking.TicketBookingApplication for test class com.ticketbooking.application.service.TicketBookingServiceTest
]]></system-out>
  </testcase>
  <testcase name="findAvailableTicketsByEventName" classname="com.ticketbooking.application.service.TicketBookingServiceTest" time="0.002"/>
  <testcase name="assignTicketToCustomer_ticketAlreadySold" classname="com.ticketbooking.application.service.TicketBookingServiceTest" time="0.001"/>
  <testcase name="assignTicketToCustomer" classname="com.ticketbooking.application.service.TicketBookingServiceTest" time="0.001"/>
</testsuite>