<?xml version="1.0" encoding="UTF-8"?>
<testsuite xmlns:xsi="http://www.w3.org/2001/XMLSchema-instance" xsi:noNamespaceSchemaLocation="https://maven.apache.org/surefire/maven-surefire-plugin/xsd/surefire-test-report-3.0.xsd" version="3.0" name="com.ticketbooking.application.service.EventServiceTest" time="1.263" tests="3" errors="0" skipped="0" failures="0">
  <properties>
[...]
</properties>
  <testcase name="createEvent_OverlappingEvents" classname="com.ticketbooking.application.service.EventServiceTest" time="0.357">
    <system-out><![CDATA[18:11:44.157 [main] INFO org.springframework.test.context.support.AnnotationConfigContextLoaderUtils -- Could not detect default configuration classes for test class [com.ticketbooking.application.service.EventServiceTest]: EventServiceTest does not declare any static, non-private, non-final, nested classes annotated with @Configuration.
18:11:44.202 [main] INFO org.springframework.boot.test.context.SpringBootTestContextBootstrapper -- Found @SpringBootConfiguration com.ticketbooking.TicketBookingApplication for test class com.ticketbooking.application.service.EventServiceTest

  .   ____          _            __ _ _
 /\\ / ___'_ __ _ _(_)_ __  __ _ \ \ \ \
( ( )\___ | '_ | '_| | '_ \/ _` | \ \ \ \
 \\/  ___)| |_)| | | | | || (_| |  ) ) ) )
  '  |____| .__|_| |_|_| |_\__, | / / / /
 =========|_|==============|___/=/_/_/_/
&amp#27;[32m :: Spring Boot :: &amp#27;[39m              &amp#27;[2m (v3.2.4)&amp#27;[0;39m

&amp#27;[2m2025-05-29T18:11:44.354+03:00&amp#27;[0;39m &amp#27;[32m INFO&amp#27;[0;39m &amp#27;[35m15061&amp#27;[0;39m &amp#27;[2m---&amp#27;[0;39m &amp#27;[2m[ticket-booking-system] [           main]&amp#27;[0;39m &amp#27;[2m&amp#27;[0;39m&amp#27;[36mc.t.a.service.EventServiceTest          &amp#27;[0;39m &amp#27;[2m:&amp#27;[0;39m Starting EventServiceTest using Java 23.0.2 with PID 15061 (started by admin in /Users/admin/Documents/GitHub/TicketBookingSystem)
&amp#27;[2m2025-05-29T18:11:44.355+03:00&amp#27;[0;39m &amp#27;[32m INFO&amp#27;[0;39m &amp#27;[35m15061&amp#27;[0;39m &amp#27;[2m---&amp#27;[0;39m &amp#27;[2m[ticket-booking-system] [           main]&amp#27;[0;39m &amp#27;[2m&amp#27;[0;39m&amp#27;[36mc.t.a.service.EventServiceTest          &amp#27;[0;39m &amp#27;[2m:&amp#27;[0;39m The following 1 profile is active: "test"
&amp#27;[2m2025-05-29T18:11:44.966+03:00&amp#27;[0;39m &amp#27;[32m INFO&amp#27;[0;39m &amp#27;[35m15061&amp#27;[0;39m &amp#27;[2m---&amp#27;[0;39m &amp#27;[2m[ticket-booking-system] [           main]&amp#27;[0;39m &amp#27;[2m&amp#27;[0;39m&amp#27;[36mc.t.a.service.EventServiceTest          &amp#27;[0;39m &amp#27;[2m:&amp#27;[0;39m Started EventServiceTest in 0.723 seconds (process running for 1.075)
]]></system-out>
    <system-err><![CDATA[WARNING: A Java agent has been loaded dynamically (/Users/admin/.m2/repository/net/bytebuddy/byte-buddy-agent/1.14.12/byte-buddy-agent-1.14.12.jar)
WARNING: If a serviceability tool is in use, please run with -XX:+EnableDynamicAgentLoading to hide this warning
WARNING: If a serviceability tool is not in use, please run with -Djdk.instrument.traceUsage for more information
WARNING: Dynamic loading of agents will be disallowed by default in a future release
]]></system-err>
  </testcase>
  <testcase name="findEventsByPlace" classname="com.ticketbooking.application.service.EventServiceTest" time="0.002"/>
  <testcase name="createEvent_Success" classname="com.ticketbooking.application.service.EventServiceTest" time="0.001"/>
</testsuite>